0 info it worked if it ends with ok
1 verbose cli [ '/usr/local/bin/node', '/usr/local/bin/npm', 'publish' ]
2 info using npm@3.10.10
3 info using node@v6.11.2
4 verbose publish [ '.' ]
5 silly cache add args [ '.', null ]
6 verbose cache add spec .
7 silly cache add parsed spec Result {
7 silly cache add   raw: '.',
7 silly cache add   scope: null,
7 silly cache add   escapedName: null,
7 silly cache add   name: null,
7 silly cache add   rawSpec: '.',
7 silly cache add   spec: '/Users/matthewevert/Desktop/sites/ferguson-design-system',
7 silly cache add   type: 'directory' }
8 verbose addLocalDirectory /Users/matthewevert/.npm/@ferguson-enterprises/ferguson-design-system/1.0.0/package.tgz not in flight; packing
9 verbose correctMkdir /Users/matthewevert/.npm correctMkdir not in flight; initializing
10 info lifecycle @ferguson-enterprises/ferguson-design-system@1.0.0~prepublish: @ferguson-enterprises/ferguson-design-system@1.0.0
11 silly lifecycle @ferguson-enterprises/ferguson-design-system@1.0.0~prepublish: no script for prepublish, continuing
12 verbose tar pack [ '/Users/matthewevert/.npm/@ferguson-enterprises/ferguson-design-system/1.0.0/package.tgz',
12 verbose tar pack   '/Users/matthewevert/Desktop/sites/ferguson-design-system' ]
13 verbose tarball /Users/matthewevert/.npm/@ferguson-enterprises/ferguson-design-system/1.0.0/package.tgz
14 verbose folder /Users/matthewevert/Desktop/sites/ferguson-design-system
15 verbose addLocalTarball adding from inside cache /Users/matthewevert/.npm/@ferguson-enterprises/ferguson-design-system/1.0.0/package.tgz
16 verbose correctMkdir /Users/matthewevert/.npm correctMkdir not in flight; initializing
17 silly cache afterAdd @ferguson-enterprises/ferguson-design-system@1.0.0
18 verbose afterAdd /Users/matthewevert/.npm/@ferguson-enterprises/ferguson-design-system/1.0.0/package/package.json not in flight; writing
19 verbose correctMkdir /Users/matthewevert/.npm correctMkdir not in flight; initializing
20 verbose afterAdd /Users/matthewevert/.npm/@ferguson-enterprises/ferguson-design-system/1.0.0/package/package.json written
21 silly publish { name: '@ferguson-enterprises/ferguson-design-system',
21 silly publish   version: '1.0.0',
21 silly publish   author: { name: 'Matthew Evert', email: 'matthew.evert@ferguson.com' },
21 silly publish   description: 'Customizable CSS bootstrap for Ferguson products',
21 silly publish   main: 'fds.sass',
21 silly publish   scripts: { test: 'echo "Error: no test specified" && exit 1' },
21 silly publish   repository:
21 silly publish    { type: 'git',
21 silly publish      url: 'git+https://github.com/FergusonUX/ferguson-design-system.git' },
21 silly publish   keywords: [ 'css', 'sass' ],
21 silly publish   license: 'ISC',
21 silly publish   bugs: { url: 'https://github.com/FergusonUX/ferguson-design-system/issues' },
21 silly publish   homepage: 'https://github.com/FergusonUX/ferguson-design-system#readme',
21 silly publish   readme: '# ferguson-design-system',
21 silly publish   readmeFilename: 'README.md',
21 silly publish   gitHead: '89aff5335631dfb673a331aad92dccb441c8339e',
21 silly publish   _id: '@ferguson-enterprises/ferguson-design-system@1.0.0',
21 silly publish   _shasum: '11b694f1667607b0c581d8df82590d6c4fec3eb7',
21 silly publish   _from: '.' }
22 verbose getPublishConfig undefined
23 silly mapToRegistry name @ferguson-enterprises/ferguson-design-system
24 silly mapToRegistry scope (from package name) @ferguson-enterprises
25 verbose mapToRegistry no registry URL found in name for scope @ferguson-enterprises
26 silly mapToRegistry scope (from config) @ferguson-enterprises
27 verbose mapToRegistry no registry URL found in config for scope @ferguson-enterprises
28 silly mapToRegistry using default registry
29 silly mapToRegistry registry https://registry.npmjs.org/
30 silly mapToRegistry data Result {
30 silly mapToRegistry   raw: '@ferguson-enterprises/ferguson-design-system',
30 silly mapToRegistry   scope: '@ferguson-enterprises',
30 silly mapToRegistry   escapedName: '@ferguson-enterprises%2fferguson-design-system',
30 silly mapToRegistry   name: '@ferguson-enterprises/ferguson-design-system',
30 silly mapToRegistry   rawSpec: '',
30 silly mapToRegistry   spec: 'latest',
30 silly mapToRegistry   type: 'tag' }
31 silly mapToRegistry uri https://registry.npmjs.org/@ferguson-enterprises%2fferguson-design-system
32 verbose publish registryBase https://registry.npmjs.org/
33 silly publish uploading /Users/matthewevert/.npm/@ferguson-enterprises/ferguson-design-system/1.0.0/package.tgz
34 verbose request uri https://registry.npmjs.org/@ferguson-enterprises%2fferguson-design-system
35 verbose request sending authorization for write operation
36 info attempt registry request try #1 at 9:53:58 AM
37 verbose request using bearer token for auth
38 verbose request id bc02f1fa080170c4
39 http request PUT https://registry.npmjs.org/@ferguson-enterprises%2fferguson-design-system
40 http 403 https://registry.npmjs.org/@ferguson-enterprises%2fferguson-design-system
41 verbose headers { 'content-type': 'application/json',
41 verbose headers   'cache-control': 'max-age=0',
41 verbose headers   'content-length': '91',
41 verbose headers   'accept-ranges': 'bytes',
41 verbose headers   date: 'Thu, 09 Nov 2017 14:53:52 GMT',
41 verbose headers   via: '1.1 varnish',
41 verbose headers   connection: 'keep-alive',
41 verbose headers   'x-served-by': 'cache-dca17732-DCA',
41 verbose headers   'x-cache': 'MISS',
41 verbose headers   'x-cache-hits': '0',
41 verbose headers   'x-timer': 'S1510239231.489080,VS0,VE791' }
42 verbose request invalidating /Users/matthewevert/.npm/registry.npmjs.org/_40ferguson-enterprises_252fferguson-design-system on PUT
43 error publish Failed PUT 403
44 verbose stack Error: You cannot publish over the previously published version 1.0.0. : @ferguson-enterprises/ferguson-design-system
44 verbose stack     at makeError (/usr/local/lib/node_modules/npm/node_modules/npm-registry-client/lib/request.js:302:12)
44 verbose stack     at CachingRegistryClient.<anonymous> (/usr/local/lib/node_modules/npm/node_modules/npm-registry-client/lib/request.js:290:14)
44 verbose stack     at Request._callback (/usr/local/lib/node_modules/npm/node_modules/npm-registry-client/lib/request.js:210:14)
44 verbose stack     at Request.self.callback (/usr/local/lib/node_modules/npm/node_modules/request/request.js:187:22)
44 verbose stack     at emitTwo (events.js:106:13)
44 verbose stack     at Request.emit (events.js:191:7)
44 verbose stack     at Request.<anonymous> (/usr/local/lib/node_modules/npm/node_modules/request/request.js:1048:10)
44 verbose stack     at emitOne (events.js:96:13)
44 verbose stack     at Request.emit (events.js:188:7)
44 verbose stack     at IncomingMessage.<anonymous> (/usr/local/lib/node_modules/npm/node_modules/request/request.js:969:12)
45 verbose statusCode 403
46 verbose pkgid @ferguson-enterprises/ferguson-design-system
47 verbose cwd /Users/matthewevert/Desktop/sites/ferguson-design-system
48 error Darwin 15.0.0
49 error argv "/usr/local/bin/node" "/usr/local/bin/npm" "publish"
50 error node v6.11.2
51 error npm  v3.10.10
52 error code E403
53 error You cannot publish over the previously published version 1.0.0. : @ferguson-enterprises/ferguson-design-system
54 error If you need help, you may report this error at:
54 error     <https://github.com/npm/npm/issues>
55 verbose exit [ 1, true ]
